회원번호 : 2 아이디 : phpprogram- 로그 : 모바일 배팅카트 배팅하기 버튼 클릭함.
회원번호 : 2 아이디 : phpprogram- 로그 : 모바일 배팅카트 배팅하기 버튼 클릭함.
회원번호 : 2 아이디 : phpprogram- 로그 : 모바일 배팅카트 배팅하기 버튼 클릭함.
회원번호 : 2 아이디 : phpprogram- 로그 : 모바일 배팅카트 배팅하기 버튼 클릭함.
회원번호 : 2 아이디 : phpprogram- 오류 : 구매할 게임이 없습니다[first]
회원번호 : 2 아이디 : phpprogram- 오류 : 카트에 담긴 게임이 없습니다.
회원번호 : 2 아이디 : phpprogram- 오류 : 구매할 게임이 없습니다[first]
회원번호 : 2 아이디 : phpprogram- 오류 : 카트에 담긴 게임이 없습니다.
회원번호 : 2843 아이디 : Pjs7686- 오류 : 단폴 배팅을 하실 수 없습니다.
회원번호 : 2843 아이디 : Pjs7686- 오류 : 배팅카트에 게임이 정상적으로 담기지 않았습니다. 다시 배팅해주세요[3].
회원번호 : 3209 아이디 : lodgood1- 오류 : 구매할 게임이 없습니다[first]
회원번호 : 3209 아이디 : lodgood1- 오류 : 카트에 담긴 게임이 없습니다.
회원번호 : 3531 아이디 : Jiying1- 오류 : 단폴 배팅을 하실 수 없습니다.
회원번호 : 1115 아이디 : vsb6060- 오류 : 배팅카트에 게임이 정상적으로 담기지 않았습니다. 다시 배팅해주세요[5].
회원번호 : 3209 아이디 : lodgood1- 오류 : 구매할 게임이 없습니다[first]
회원번호 : 3209 아이디 : lodgood1- 오류 : 카트에 담긴 게임이 없습니다.
회원번호 : 3209 아이디 : lodgood1- 오류 : 구매할 게임이 없습니다[first]
회원번호 : 3209 아이디 : lodgood1- 오류 : 카트에 담긴 게임이 없습니다.
회원번호 : 3434 아이디 : jju01- 오류 : 배팅 불가능한 회원입니다.
회원번호 : 3434 아이디 : jju01- 오류 : 구매할 게임이 없습니다[first]
회원번호 : 3434 아이디 : jju01- 오류 : 카트에 담긴 게임이 없습니다.
회원번호 : 3434 아이디 : jju01- 오류 : 배팅 불가능한 회원입니다.
회원번호 : 928 아이디 : sdsd1- 오류 : 단폴 배팅을 하실 수 없습니다.
회원번호 : 928 아이디 : sdsd1- 오류 : 단폴 배팅을 하실 수 없습니다.
회원번호 : 3209 아이디 : lodgood1- 오류 : 보유머니가 배팅할려는 금액보다 적습니다.
회원번호 : 3209 아이디 : lodgood1- 오류 : 보유머니가 부족합니다. 보유머니 충전 후 배팅하세요.
회원번호 : 3209 아이디 : lodgood1- 오류 : 보유머니가 배팅할려는 금액보다 적습니다.
회원번호 : 3209 아이디 : lodgood1- 오류 : 보유머니가 부족합니다. 보유머니 충전 후 배팅하세요.
회원번호 : 928 아이디 : sdsd1- 오류 : 단폴 배팅을 하실 수 없습니다.
회원번호 : 928 아이디 : sdsd1- 오류 : 단폴 배팅을 하실 수 없습니다.
회원번호 : 928 아이디 : sdsd1- 오류 : 구매할 게임이 없습니다[first]
회원번호 : 928 아이디 : sdsd1- 오류 : 카트에 담긴 게임이 없습니다.
회원번호 : 928 아이디 : sdsd1- 오류 : 구매할 게임이 없습니다[first]
회원번호 : 928 아이디 : sdsd1- 오류 : 카트에 담긴 게임이 없습니다.
회원번호 : 928 아이디 : sdsd1- 오류 : 단폴 배팅을 하실 수 없습니다.
회원번호 : 928 아이디 : sdsd1- 오류 : 단폴 배팅을 하실 수 없습니다.
회원번호 : 3520 아이디 : fmfm1234 - 오류 : 배팅카트에 게임이 정상적으로 담기지 않았습니다. 다시 배팅해주세요.[7]
