회원번호 : 2 아이디 : phpprogram- 로그 : 모바일 배팅카트 배팅하기 버튼 클릭함.
회원번호 : 2 아이디 : phpprogram- 로그 : 모바일 배팅카트 배팅하기 버튼 클릭함. 시간 : 2020-07-11 22:14:58
회원번호 : 2 아이디 : phpprogram- 로그 : buygame_btn_click 시간 : 2020-07-11 22:16:38
회원번호 : 2 아이디 : phpprogram- 로그 : 게임구매 확인버튼 클릭 시간 : 2020-07-11 22:16:39
회원번호 : 3339 아이디 : kkll- 로그 : 모바일 게임구매 버튼 클릭함 시간 : 2020-07-11 22:26:34
회원번호 : 3339 아이디 : kkll- 로그 : 게임구매 확인버튼 클릭 시간 : 2020-07-11 22:26:35
회원번호 : 3535 아이디 : zprzpr83- 로그 : 모바일 게임구매 버튼 클릭함 시간 : 2020-07-11 22:31:50
회원번호 : 3535 아이디 : zprzpr83- 로그 : 게임구매 확인버튼 클릭 시간 : 2020-07-11 22:31:52
회원번호 : 3535 아이디 : zprzpr83- 로그 : 모바일 게임구매 버튼 클릭함 시간 : 2020-07-11 22:36:40
회원번호 : 3535 아이디 : zprzpr83- 로그 : 게임구매 확인버튼 클릭 시간 : 2020-07-11 22:36:41
회원번호 : 3209 아이디 : lodgood1- 로그 : 모바일 게임구매 버튼 클릭함 시간 : 2020-07-11 22:41:07
회원번호 : 3209 아이디 : lodgood1- 로그 : 게임구매 확인버튼 클릭 시간 : 2020-07-11 22:41:08
회원번호 : 126 아이디 : bmw7725- 로그 : 모바일 게임구매 버튼 클릭함 시간 : 2020-07-11 22:49:36
회원번호 : 126 아이디 : bmw7725- 로그 : 게임구매 확인버튼 클릭 시간 : 2020-07-11 22:49:37
회원번호 : 3209 아이디 : lodgood1- 로그 : 모바일 게임구매 버튼 클릭함 시간 : 2020-07-11 22:49:52
회원번호 : 3209 아이디 : lodgood1- 로그 : 게임구매 확인버튼 클릭 시간 : 2020-07-11 22:49:53
회원번호 : 3031 아이디 : modellys- 로그 : 모바일 게임구매 버튼 클릭함 시간 : 2020-07-12 00:00:33
회원번호 : 3031 아이디 : modellys- 로그 : 게임구매 확인버튼 클릭 시간 : 2020-07-12 00:00:34
회원번호 : 3339 아이디 : kkll- 로그 : 모바일 게임구매 버튼 클릭함 시간 : 2020-07-12 01:18:36
회원번호 : 3339 아이디 : kkll- 로그 : 게임구매 확인버튼 클릭 시간 : 2020-07-12 01:18:37
회원번호 : 3535 아이디 : zprzpr83- 로그 : 모바일 게임구매 버튼 클릭함 시간 : 2020-07-12 01:19:22
회원번호 : 3535 아이디 : zprzpr83- 로그 : 게임구매 확인버튼 클릭 시간 : 2020-07-12 01:19:23
회원번호 : 3339 아이디 : kkll- 로그 : 모바일 게임구매 버튼 클릭함 시간 : 2020-07-12 01:21:13
회원번호 : 3339 아이디 : kkll- 로그 : 모바일 게임구매 버튼 클릭함 시간 : 2020-07-12 01:23:46
회원번호 : 3339 아이디 : kkll- 로그 : 게임구매 확인버튼 클릭 시간 : 2020-07-12 01:23:47
회원번호 : 3339 아이디 : kkll- 로그 : 모바일 게임구매 버튼 클릭함 시간 : 2020-07-12 01:29:19
회원번호 : 3339 아이디 : kkll- 로그 : 게임구매 확인버튼 클릭 시간 : 2020-07-12 01:29:22
회원번호 : 3506 아이디 : choiys35- 로그 : 모바일 게임구매 버튼 클릭함 시간 : 2020-07-12 01:38:29
회원번호 : 3506 아이디 : choiys35- 로그 : 게임구매 확인버튼 클릭 시간 : 2020-07-12 01:38:30
회원번호 : 3339 아이디 : kkll- 로그 : 모바일 게임구매 버튼 클릭함 시간 : 2020-07-12 01:42:12
회원번호 : 3339 아이디 : kkll- 로그 : 모바일 게임구매 버튼 클릭함 시간 : 2020-07-12 01:42:35
회원번호 : 3339 아이디 : kkll- 로그 : 게임구매 확인버튼 클릭 시간 : 2020-07-12 01:42:36
회원번호 : 3339 아이디 : kkll- 로그 : 모바일 게임구매 버튼 클릭함 시간 : 2020-07-12 01:44:07
회원번호 : 3339 아이디 : kkll- 로그 : 모바일 게임구매 버튼 클릭함 시간 : 2020-07-12 01:45:29
회원번호 : 3339 아이디 : kkll- 로그 : 게임구매 확인버튼 클릭 시간 : 2020-07-12 01:45:30
회원번호 : 3340 아이디 : kd1939- 로그 : 모바일 게임구매 버튼 클릭함 시간 : 2020-07-12 01:48:05
회원번호 : 3340 아이디 : kd1939- 로그 : 모바일 게임구매 버튼 클릭함 시간 : 2020-07-12 01:48:50
회원번호 : 3340 아이디 : kd1939- 로그 : 게임구매 확인버튼 클릭 시간 : 2020-07-12 01:48:51
회원번호 : 3339 아이디 : kkll- 로그 : 모바일 게임구매 버튼 클릭함 시간 : 2020-07-12 01:52:25
회원번호 : 3339 아이디 : kkll- 로그 : 게임구매 확인버튼 클릭 시간 : 2020-07-12 01:52:26
회원번호 : 3339 아이디 : kkll- 로그 : 모바일 게임구매 버튼 클릭함 시간 : 2020-07-12 01:57:55
회원번호 : 3339 아이디 : kkll- 로그 : 게임구매 확인버튼 클릭 시간 : 2020-07-12 01:57:56
회원번호 : 3339 아이디 : kkll- 로그 : 모바일 게임구매 버튼 클릭함 시간 : 2020-07-12 02:00:49
회원번호 : 3339 아이디 : kkll- 로그 : 게임구매 확인버튼 클릭 시간 : 2020-07-12 02:00:50
회원번호 : 3339 아이디 : kkll- 로그 : 모바일 게임구매 버튼 클릭함 시간 : 2020-07-12 02:48:45
회원번호 : 3339 아이디 : kkll- 로그 : 게임구매 확인버튼 클릭 시간 : 2020-07-12 02:48:46
회원번호 : 3339 아이디 : kkll- 로그 : 모바일 게임구매 버튼 클릭함 시간 : 2020-07-12 02:51:34
회원번호 : 3339 아이디 : kkll- 로그 : 게임구매 확인버튼 클릭 시간 : 2020-07-12 02:51:35
회원번호 : 3209 아이디 : lodgood1- 로그 : 모바일 게임구매 버튼 클릭함 시간 : 2020-07-12 03:36:28
회원번호 : 3209 아이디 : lodgood1- 로그 : 게임구매 확인버튼 클릭 시간 : 2020-07-12 03:36:29
회원번호 : 1115 아이디 : vsb6060- 로그 : 모바일 게임구매 버튼 클릭함 시간 : 2020-07-12 08:27:28
회원번호 : 1115 아이디 : vsb6060- 로그 : 게임구매 확인버튼 클릭 시간 : 2020-07-12 08:27:29
회원번호 : 1115 아이디 : vsb6060- 로그 : 모바일 게임구매 버튼 클릭함 시간 : 2020-07-12 10:04:17
회원번호 : 1115 아이디 : vsb6060- 로그 : 게임구매 확인버튼 클릭 시간 : 2020-07-12 10:04:17
회원번호 : 3506 아이디 : choiys35- 로그 : 모바일 게임구매 버튼 클릭함 시간 : 2020-07-12 12:10:52
회원번호 : 3506 아이디 : choiys35- 로그 : 게임구매 확인버튼 클릭 시간 : 2020-07-12 12:10:53
회원번호 : 1115 아이디 : vsb6060- 로그 : 모바일 게임구매 버튼 클릭함 시간 : 2020-07-12 12:24:13
회원번호 : 1115 아이디 : vsb6060- 로그 : 게임구매 확인버튼 클릭 시간 : 2020-07-12 12:24:14
회원번호 : 3481 아이디 : Cls350- 로그 : 모바일 게임구매 버튼 클릭함 시간 : 2020-07-12 12:32:59
회원번호 : 3481 아이디 : Cls350- 로그 : 게임구매 확인버튼 클릭 시간 : 2020-07-12 12:33:00
회원번호 : 3481 아이디 : Cls350- 로그 : 모바일 게임구매 버튼 클릭함 시간 : 2020-07-12 12:35:22
회원번호 : 3481 아이디 : Cls350- 로그 : 게임구매 확인버튼 클릭 시간 : 2020-07-12 12:35:23
회원번호 : 1115 아이디 : vsb6060- 로그 : 모바일 게임구매 버튼 클릭함 시간 : 2020-07-12 12:39:34
회원번호 : 1115 아이디 : vsb6060- 로그 : 게임구매 확인버튼 클릭 시간 : 2020-07-12 12:39:35
회원번호 : 126 아이디 : bmw7725- 로그 : 모바일 게임구매 버튼 클릭함 시간 : 2020-07-12 12:58:40
회원번호 : 126 아이디 : bmw7725- 로그 : 게임구매 확인버튼 클릭 시간 : 2020-07-12 12:58:41
회원번호 : 3209 아이디 : lodgood1- 로그 : 모바일 게임구매 버튼 클릭함 시간 : 2020-07-12 13:27:09
회원번호 : 3209 아이디 : lodgood1- 로그 : 게임구매 확인버튼 클릭 시간 : 2020-07-12 13:27:10
회원번호 : 3209 아이디 : lodgood1- 로그 : 모바일 게임구매 버튼 클릭함 시간 : 2020-07-12 13:28:05
회원번호 : 3209 아이디 : lodgood1- 로그 : 게임구매 확인버튼 클릭 시간 : 2020-07-12 13:28:06
회원번호 : 2843 아이디 : Pjs7686- 로그 : 모바일 게임구매 버튼 클릭함 시간 : 2020-07-12 13:38:00
회원번호 : 2843 아이디 : Pjs7686- 로그 : 게임구매 확인버튼 클릭 시간 : 2020-07-12 13:38:01
회원번호 : 2843 아이디 : Pjs7686- 로그 : 모바일 게임구매 버튼 클릭함 시간 : 2020-07-12 13:40:49
회원번호 : 2843 아이디 : Pjs7686- 로그 : 게임구매 확인버튼 클릭 시간 : 2020-07-12 13:40:50
회원번호 : 3529 아이디 : Ufo09- 로그 : 모바일 게임구매 버튼 클릭함 시간 : 2020-07-12 13:43:39
회원번호 : 3529 아이디 : Ufo09- 로그 : 게임구매 확인버튼 클릭 시간 : 2020-07-12 13:43:41
회원번호 : 2 아이디 : phpprogram- 로그 : 모바일 게임구매 버튼 클릭함 시간 : 2020-07-12 13:50:53
회원번호 : 2 아이디 : phpprogram- 로그 : 게임구매 확인버튼 클릭 시간 : 2020-07-12 13:50:54
회원번호 : 2846 아이디 : smsports7- 로그 : 모바일 게임구매 버튼 클릭함 시간 : 2020-07-12 14:04:31
회원번호 : 2846 아이디 : smsports7- 로그 : 게임구매 확인버튼 클릭 시간 : 2020-07-12 14:04:32
회원번호 : 2 아이디 : phpprogram- 로그 : 모바일 게임구매 버튼 클릭함 시간 : 2020-07-12 14:06:06
회원번호 : 2 아이디 : phpprogram- 로그 : 게임구매 확인버튼 클릭 시간 : 2020-07-12 14:06:07
회원번호 : 3339 아이디 : kkll- 로그 : 모바일 게임구매 버튼 클릭함 시간 : 2020-07-12 14:48:51
회원번호 : 3339 아이디 : kkll- 로그 : 게임구매 확인버튼 클릭 시간 : 2020-07-12 14:48:52
회원번호 : 3247 아이디 : mofs2800- 로그 : 모바일 게임구매 버튼 클릭함 시간 : 2020-07-12 14:56:26
회원번호 : 3247 아이디 : mofs2800- 로그 : 게임구매 확인버튼 클릭 시간 : 2020-07-12 14:56:27
회원번호 : 3520 아이디 : fmfm1234 - 로그 : 모바일 게임구매 버튼 클릭함 시간 : 2020-07-12 16:15:06
회원번호 : 3520 아이디 : fmfm1234 - 로그 : 게임구매 확인버튼 클릭 시간 : 2020-07-12 16:15:07
회원번호 : 3209 아이디 : lodgood1- 로그 : 모바일 게임구매 버튼 클릭함 시간 : 2020-07-12 16:43:18
회원번호 : 3209 아이디 : lodgood1- 로그 : 게임구매 확인버튼 클릭 시간 : 2020-07-12 16:43:18
회원번호 : 126 아이디 : bmw7725- 로그 : 모바일 게임구매 버튼 클릭함 시간 : 2020-07-12 16:50:49
회원번호 : 126 아이디 : bmw7725- 로그 : 게임구매 확인버튼 클릭 시간 : 2020-07-12 16:50:50
회원번호 : 3247 아이디 : mofs2800- 로그 : 모바일 게임구매 버튼 클릭함 시간 : 2020-07-12 16:51:50
회원번호 : 3247 아이디 : mofs2800- 로그 : 게임구매 확인버튼 클릭 시간 : 2020-07-12 16:51:52
회원번호 : 1115 아이디 : vsb6060- 로그 : 모바일 게임구매 버튼 클릭함 시간 : 2020-07-12 16:52:16
회원번호 : 1115 아이디 : vsb6060- 로그 : 게임구매 확인버튼 클릭 시간 : 2020-07-12 16:52:17
회원번호 : 1115 아이디 : vsb6060- 로그 : 모바일 게임구매 버튼 클릭함 시간 : 2020-07-12 16:53:07
회원번호 : 1115 아이디 : vsb6060- 로그 : 게임구매 확인버튼 클릭 시간 : 2020-07-12 16:53:07
회원번호 : 3247 아이디 : mofs2800- 로그 : 모바일 게임구매 버튼 클릭함 시간 : 2020-07-12 16:55:43
회원번호 : 3247 아이디 : mofs2800- 로그 : 게임구매 확인버튼 클릭 시간 : 2020-07-12 16:55:44
회원번호 : 3247 아이디 : mofs2800- 로그 : 모바일 게임구매 버튼 클릭함 시간 : 2020-07-12 16:58:47
회원번호 : 3247 아이디 : mofs2800- 로그 : 게임구매 확인버튼 클릭 시간 : 2020-07-12 16:58:48
회원번호 : 3529 아이디 : Ufo09- 로그 : 모바일 게임구매 버튼 클릭함 시간 : 2020-07-12 16:58:58
회원번호 : 3529 아이디 : Ufo09- 로그 : 게임구매 확인버튼 클릭 시간 : 2020-07-12 16:59:00
회원번호 : 1115 아이디 : vsb6060- 로그 : 모바일 게임구매 버튼 클릭함 시간 : 2020-07-12 17:02:29
회원번호 : 1115 아이디 : vsb6060- 로그 : 게임구매 확인버튼 클릭 시간 : 2020-07-12 17:02:30
회원번호 : 3209 아이디 : lodgood1- 로그 : 모바일 게임구매 버튼 클릭함 시간 : 2020-07-12 17:34:53
회원번호 : 3209 아이디 : lodgood1- 로그 : 게임구매 확인버튼 클릭 시간 : 2020-07-12 17:34:53
회원번호 : 3105 아이디 : chy74- 로그 : 모바일 게임구매 버튼 클릭함 시간 : 2020-07-12 17:35:05
회원번호 : 3105 아이디 : chy74- 로그 : 게임구매 확인버튼 클릭 시간 : 2020-07-12 17:35:07
회원번호 : 3209 아이디 : lodgood1- 로그 : 모바일 게임구매 버튼 클릭함 시간 : 2020-07-12 17:35:32
회원번호 : 3209 아이디 : lodgood1- 로그 : 게임구매 확인버튼 클릭 시간 : 2020-07-12 17:35:33
회원번호 : 3209 아이디 : lodgood1- 로그 : 모바일 게임구매 버튼 클릭함 시간 : 2020-07-12 17:38:04
회원번호 : 3209 아이디 : lodgood1- 로그 : 게임구매 확인버튼 클릭 시간 : 2020-07-12 17:38:05
회원번호 : 3498 아이디 : JRK01- 로그 : 모바일 게임구매 버튼 클릭함 시간 : 2020-07-12 18:45:50
회원번호 : 3498 아이디 : JRK01- 로그 : 게임구매 확인버튼 클릭 시간 : 2020-07-12 18:45:51
회원번호 : 3498 아이디 : JRK01- 로그 : 모바일 게임구매 버튼 클릭함 시간 : 2020-07-12 18:46:53
회원번호 : 3498 아이디 : JRK01- 로그 : 게임구매 확인버튼 클릭 시간 : 2020-07-12 18:46:54
회원번호 : 1115 아이디 : vsb6060- 로그 : 모바일 게임구매 버튼 클릭함 시간 : 2020-07-12 19:47:04
회원번호 : 1115 아이디 : vsb6060- 로그 : 게임구매 확인버튼 클릭 시간 : 2020-07-12 19:47:05
회원번호 : 3105 아이디 : chy74- 로그 : 모바일 게임구매 버튼 클릭함 시간 : 2020-07-12 19:52:21
회원번호 : 3105 아이디 : chy74- 로그 : 게임구매 확인버튼 클릭 시간 : 2020-07-12 19:52:23
회원번호 : 3128 아이디 : y1234- 로그 : 모바일 게임구매 버튼 클릭함 시간 : 2020-07-12 19:57:48
회원번호 : 3128 아이디 : y1234- 로그 : 게임구매 확인버튼 클릭 시간 : 2020-07-12 19:57:49
회원번호 : 3531 아이디 : Jiying1- 로그 : 모바일 게임구매 버튼 클릭함 시간 : 2020-07-12 21:26:00
회원번호 : 3531 아이디 : Jiying1- 로그 : 게임구매 확인버튼 클릭 시간 : 2020-07-12 21:26:02
회원번호 : 3339 아이디 : kkll- 로그 : 모바일 게임구매 버튼 클릭함 시간 : 2020-07-12 21:42:52
회원번호 : 3339 아이디 : kkll- 로그 : 게임구매 확인버튼 클릭 시간 : 2020-07-12 21:42:53
회원번호 : 3506 아이디 : choiys35- 로그 : 모바일 게임구매 버튼 클릭함 시간 : 2020-07-12 21:52:18
회원번호 : 3506 아이디 : choiys35- 로그 : 게임구매 확인버튼 클릭 시간 : 2020-07-12 21:52:19
회원번호 : 3128 아이디 : y1234- 로그 : 모바일 게임구매 버튼 클릭함 시간 : 2020-07-12 21:54:30
회원번호 : 3128 아이디 : y1234- 로그 : 게임구매 확인버튼 클릭 시간 : 2020-07-12 21:54:31
회원번호 : 3515 아이디 : cuslove0- 로그 : 모바일 게임구매 버튼 클릭함 시간 : 2020-07-12 21:54:54
회원번호 : 3515 아이디 : cuslove0- 로그 : 게임구매 확인버튼 클릭 시간 : 2020-07-12 21:54:55
회원번호 : 3531 아이디 : Jiying1- 로그 : 모바일 게임구매 버튼 클릭함 시간 : 2020-07-12 22:03:57
회원번호 : 3531 아이디 : Jiying1- 로그 : 게임구매 확인버튼 클릭 시간 : 2020-07-12 22:03:59
회원번호 : 3105 아이디 : chy74- 로그 : 모바일 게임구매 버튼 클릭함 시간 : 2020-07-12 22:39:04
회원번호 : 3105 아이디 : chy74- 로그 : 게임구매 확인버튼 클릭 시간 : 2020-07-12 22:39:05
회원번호 : 3105 아이디 : chy74- 로그 : 모바일 게임구매 버튼 클릭함 시간 : 2020-07-12 22:43:28
회원번호 : 3105 아이디 : chy74- 로그 : 게임구매 확인버튼 클릭 시간 : 2020-07-12 22:43:29
회원번호 : 3515 아이디 : cuslove0- 로그 : 모바일 게임구매 버튼 클릭함 시간 : 2020-07-12 22:57:50
회원번호 : 3515 아이디 : cuslove0- 로그 : 게임구매 확인버튼 클릭 시간 : 2020-07-12 22:57:51
회원번호 : 3339 아이디 : kkll- 로그 : 모바일 게임구매 버튼 클릭함 시간 : 2020-07-12 22:58:28
회원번호 : 3339 아이디 : kkll- 로그 : 게임구매 확인버튼 클릭 시간 : 2020-07-12 22:58:29
회원번호 : 126 아이디 : bmw7725- 로그 : 모바일 게임구매 버튼 클릭함 시간 : 2020-07-12 23:19:14
회원번호 : 126 아이디 : bmw7725- 로그 : 게임구매 확인버튼 클릭 시간 : 2020-07-12 23:19:16
회원번호 : 3531 아이디 : Jiying1- 로그 : 모바일 게임구매 버튼 클릭함 시간 : 2020-07-13 00:12:37
회원번호 : 3531 아이디 : Jiying1- 로그 : 게임구매 확인버튼 클릭 시간 : 2020-07-13 00:12:39
회원번호 : 2844 아이디 : sbs6- 로그 : 모바일 게임구매 버튼 클릭함 시간 : 2020-07-13 00:15:15
회원번호 : 2844 아이디 : sbs6- 로그 : 게임구매 확인버튼 클릭 시간 : 2020-07-13 00:15:16
회원번호 : 3531 아이디 : Jiying1- 로그 : 모바일 게임구매 버튼 클릭함 시간 : 2020-07-13 01:07:51
회원번호 : 3531 아이디 : Jiying1- 로그 : 게임구매 확인버튼 클릭 시간 : 2020-07-13 01:07:53
회원번호 : 3531 아이디 : Jiying1- 로그 : 모바일 게임구매 버튼 클릭함 시간 : 2020-07-13 01:45:34
회원번호 : 3531 아이디 : Jiying1- 로그 : 게임구매 확인버튼 클릭 시간 : 2020-07-13 01:45:36
회원번호 : 3339 아이디 : kkll- 로그 : 모바일 게임구매 버튼 클릭함 시간 : 2020-07-13 01:47:43
회원번호 : 3339 아이디 : kkll- 로그 : 게임구매 확인버튼 클릭 시간 : 2020-07-13 01:47:44
회원번호 : 3339 아이디 : kkll- 로그 : 모바일 게임구매 버튼 클릭함 시간 : 2020-07-13 01:50:40
회원번호 : 3339 아이디 : kkll- 로그 : 게임구매 확인버튼 클릭 시간 : 2020-07-13 01:50:41
회원번호 : 3105 아이디 : chy74- 로그 : 모바일 게임구매 버튼 클릭함 시간 : 2020-07-13 02:15:21
회원번호 : 3105 아이디 : chy74- 로그 : 게임구매 확인버튼 클릭 시간 : 2020-07-13 02:15:23
회원번호 : 3105 아이디 : chy74- 로그 : 모바일 게임구매 버튼 클릭함 시간 : 2020-07-13 02:16:45
회원번호 : 3105 아이디 : chy74- 로그 : 게임구매 확인버튼 클릭 시간 : 2020-07-13 02:16:46
회원번호 : 111 아이디 : ben3- 로그 : 모바일 게임구매 버튼 클릭함 시간 : 2020-07-13 02:18:06
회원번호 : 111 아이디 : ben3- 로그 : 게임구매 확인버튼 클릭 시간 : 2020-07-13 02:18:07
회원번호 : 111 아이디 : ben3- 로그 : 모바일 게임구매 버튼 클릭함 시간 : 2020-07-13 02:18:58
회원번호 : 111 아이디 : ben3- 로그 : 게임구매 확인버튼 클릭 시간 : 2020-07-13 02:18:59
회원번호 : 111 아이디 : ben3- 로그 : 모바일 게임구매 버튼 클릭함 시간 : 2020-07-13 02:20:22
회원번호 : 111 아이디 : ben3- 로그 : 게임구매 확인버튼 클릭 시간 : 2020-07-13 02:20:23
회원번호 : 1115 아이디 : vsb6060- 로그 : 모바일 게임구매 버튼 클릭함 시간 : 2020-07-13 02:22:37
회원번호 : 1115 아이디 : vsb6060- 로그 : 게임구매 확인버튼 클릭 시간 : 2020-07-13 02:22:38
회원번호 : 3209 아이디 : lodgood1- 로그 : 모바일 게임구매 버튼 클릭함 시간 : 2020-07-13 02:22:47
회원번호 : 3209 아이디 : lodgood1- 로그 : 게임구매 확인버튼 클릭 시간 : 2020-07-13 02:22:48
회원번호 : 1115 아이디 : vsb6060- 로그 : 모바일 게임구매 버튼 클릭함 시간 : 2020-07-13 02:23:35
회원번호 : 1115 아이디 : vsb6060- 로그 : 게임구매 확인버튼 클릭 시간 : 2020-07-13 02:23:36
회원번호 : 1115 아이디 : vsb6060- 로그 : 모바일 게임구매 버튼 클릭함 시간 : 2020-07-13 07:54:50
회원번호 : 1115 아이디 : vsb6060- 로그 : 게임구매 확인버튼 클릭 시간 : 2020-07-13 07:54:51
회원번호 : 3340 아이디 : kd1939- 로그 : 모바일 게임구매 버튼 클릭함 시간 : 2020-07-13 14:15:51
회원번호 : 3340 아이디 : kd1939- 로그 : 게임구매 확인버튼 클릭 시간 : 2020-07-13 14:15:52
회원번호 : 3506 아이디 : choiys35- 로그 : 모바일 게임구매 버튼 클릭함 시간 : 2020-07-13 14:34:49
회원번호 : 3506 아이디 : choiys35- 로그 : 게임구매 확인버튼 클릭 시간 : 2020-07-13 14:34:50
회원번호 : 3535 아이디 : zprzpr83- 로그 : 모바일 게임구매 버튼 클릭함 시간 : 2020-07-13 14:36:29
회원번호 : 3535 아이디 : zprzpr83- 로그 : 게임구매 확인버튼 클릭 시간 : 2020-07-13 14:36:30
회원번호 : 3520 아이디 : fmfm1234 - 로그 : 모바일 게임구매 버튼 클릭함 시간 : 2020-07-13 15:09:30
회원번호 : 3520 아이디 : fmfm1234 - 로그 : 게임구매 확인버튼 클릭 시간 : 2020-07-13 15:09:32
회원번호 : 1115 아이디 : vsb6060- 로그 : 모바일 게임구매 버튼 클릭함 시간 : 2020-07-13 15:39:16
회원번호 : 1115 아이디 : vsb6060- 로그 : 게임구매 확인버튼 클릭 시간 : 2020-07-13 15:39:17
회원번호 : 1115 아이디 : vsb6060- 로그 : 모바일 게임구매 버튼 클릭함 시간 : 2020-07-13 15:41:28
회원번호 : 1115 아이디 : vsb6060- 로그 : 게임구매 확인버튼 클릭 시간 : 2020-07-13 15:41:30
회원번호 : 3472 아이디 : kky8894- 로그 : 모바일 게임구매 버튼 클릭함 시간 : 2020-07-13 16:04:58
회원번호 : 3472 아이디 : kky8894- 로그 : 게임구매 확인버튼 클릭 시간 : 2020-07-13 16:04:59
회원번호 : 3472 아이디 : kky8894- 로그 : 모바일 게임구매 버튼 클릭함 시간 : 2020-07-13 16:10:45
회원번호 : 3472 아이디 : kky8894- 로그 : 게임구매 확인버튼 클릭 시간 : 2020-07-13 16:10:46
회원번호 : 3472 아이디 : kky8894- 로그 : 모바일 게임구매 버튼 클릭함 시간 : 2020-07-13 16:14:16
회원번호 : 3472 아이디 : kky8894- 로그 : 게임구매 확인버튼 클릭 시간 : 2020-07-13 16:14:17
회원번호 : 3531 아이디 : Jiying1- 로그 : 모바일 게임구매 버튼 클릭함 시간 : 2020-07-13 16:19:03
회원번호 : 3531 아이디 : Jiying1- 로그 : 게임구매 확인버튼 클릭 시간 : 2020-07-13 16:19:05
회원번호 : 3339 아이디 : kkll- 로그 : 모바일 게임구매 버튼 클릭함 시간 : 2020-07-13 16:37:24
회원번호 : 3339 아이디 : kkll- 로그 : 게임구매 확인버튼 클릭 시간 : 2020-07-13 16:37:25
회원번호 : 3481 아이디 : Cls350- 로그 : 모바일 게임구매 버튼 클릭함 시간 : 2020-07-13 16:52:13
회원번호 : 3481 아이디 : Cls350- 로그 : 게임구매 확인버튼 클릭 시간 : 2020-07-13 16:52:14
회원번호 : 1115 아이디 : vsb6060- 로그 : 모바일 게임구매 버튼 클릭함 시간 : 2020-07-13 16:55:13
회원번호 : 1115 아이디 : vsb6060- 로그 : 게임구매 확인버튼 클릭 시간 : 2020-07-13 16:55:14
회원번호 : 1115 아이디 : vsb6060- 로그 : 모바일 게임구매 버튼 클릭함 시간 : 2020-07-13 17:00:25
회원번호 : 1115 아이디 : vsb6060- 로그 : 게임구매 확인버튼 클릭 시간 : 2020-07-13 17:00:26
회원번호 : 3531 아이디 : Jiying1- 로그 : 모바일 게임구매 버튼 클릭함 시간 : 2020-07-13 17:01:02
회원번호 : 3531 아이디 : Jiying1- 로그 : 게임구매 확인버튼 클릭 시간 : 2020-07-13 17:01:04
회원번호 : 2843 아이디 : Pjs7686- 로그 : 모바일 게임구매 버튼 클릭함 시간 : 2020-07-13 17:41:54
회원번호 : 2843 아이디 : Pjs7686- 로그 : 게임구매 확인버튼 클릭 시간 : 2020-07-13 17:41:55
회원번호 : 2843 아이디 : Pjs7686- 로그 : 모바일 게임구매 버튼 클릭함 시간 : 2020-07-13 17:44:53
회원번호 : 2843 아이디 : Pjs7686- 로그 : 게임구매 확인버튼 클릭 시간 : 2020-07-13 17:44:53
회원번호 : 3535 아이디 : zprzpr83- 로그 : 모바일 게임구매 버튼 클릭함 시간 : 2020-07-13 17:46:25
회원번호 : 3515 아이디 : cuslove0- 로그 : 모바일 게임구매 버튼 클릭함 시간 : 2020-07-13 17:56:31
회원번호 : 3515 아이디 : cuslove0- 로그 : 게임구매 확인버튼 클릭 시간 : 2020-07-13 17:56:32
회원번호 : 3535 아이디 : zprzpr83- 로그 : 모바일 게임구매 버튼 클릭함 시간 : 2020-07-13 18:00:06
회원번호 : 3535 아이디 : zprzpr83- 로그 : 게임구매 확인버튼 클릭 시간 : 2020-07-13 18:00:07
회원번호 : 3209 아이디 : lodgood1- 로그 : 모바일 게임구매 버튼 클릭함 시간 : 2020-07-13 18:03:27
회원번호 : 3209 아이디 : lodgood1- 로그 : 게임구매 확인버튼 클릭 시간 : 2020-07-13 18:03:29
회원번호 : 3209 아이디 : lodgood1- 로그 : 모바일 게임구매 버튼 클릭함 시간 : 2020-07-13 18:03:32
회원번호 : 3209 아이디 : lodgood1- 로그 : 게임구매 확인버튼 클릭 시간 : 2020-07-13 18:03:33
회원번호 : 3209 아이디 : lodgood1- 로그 : 모바일 게임구매 버튼 클릭함 시간 : 2020-07-13 18:04:04
회원번호 : 3209 아이디 : lodgood1- 로그 : 게임구매 확인버튼 클릭 시간 : 2020-07-13 18:04:06
회원번호 : 3209 아이디 : lodgood1- 로그 : 모바일 게임구매 버튼 클릭함 시간 : 2020-07-13 18:04:55
회원번호 : 3209 아이디 : lodgood1- 로그 : 게임구매 확인버튼 클릭 시간 : 2020-07-13 18:04:56
회원번호 : 3128 아이디 : y1234- 로그 : 모바일 게임구매 버튼 클릭함 시간 : 2020-07-13 18:08:34
회원번호 : 3128 아이디 : y1234- 로그 : 게임구매 확인버튼 클릭 시간 : 2020-07-13 18:08:37
회원번호 : 3535 아이디 : zprzpr83- 로그 : 모바일 게임구매 버튼 클릭함 시간 : 2020-07-13 18:16:09
회원번호 : 3535 아이디 : zprzpr83- 로그 : 게임구매 확인버튼 클릭 시간 : 2020-07-13 18:16:10
회원번호 : 3533 아이디 : csd1820 - 로그 : 모바일 게임구매 버튼 클릭함 시간 : 2020-07-13 18:17:31
회원번호 : 3533 아이디 : csd1820 - 로그 : 게임구매 확인버튼 클릭 시간 : 2020-07-13 18:17:33
회원번호 : 111 아이디 : ben3- 로그 : 모바일 게임구매 버튼 클릭함 시간 : 2020-07-13 18:18:01
회원번호 : 111 아이디 : ben3- 로그 : 게임구매 확인버튼 클릭 시간 : 2020-07-13 18:18:02
회원번호 : 3533 아이디 : csd1820 - 로그 : 모바일 게임구매 버튼 클릭함 시간 : 2020-07-13 18:19:39
회원번호 : 3533 아이디 : csd1820 - 로그 : 게임구매 확인버튼 클릭 시간 : 2020-07-13 18:19:40
회원번호 : 3434 아이디 : jju01- 로그 : 모바일 게임구매 버튼 클릭함 시간 : 2020-07-13 18:20:45
회원번호 : 3434 아이디 : jju01- 로그 : 게임구매 확인버튼 클릭 시간 : 2020-07-13 18:20:46
회원번호 : 3434 아이디 : jju01- 로그 : 모바일 게임구매 버튼 클릭함 시간 : 2020-07-13 18:21:32
회원번호 : 3434 아이디 : jju01- 로그 : 게임구매 확인버튼 클릭 시간 : 2020-07-13 18:21:33
회원번호 : 3222 아이디 : dlwnsrn- 로그 : 모바일 게임구매 버튼 클릭함 시간 : 2020-07-13 18:22:09
회원번호 : 3222 아이디 : dlwnsrn- 로그 : 게임구매 확인버튼 클릭 시간 : 2020-07-13 18:22:09
회원번호 : 928 아이디 : sdsd1- 로그 : 모바일 게임구매 버튼 클릭함 시간 : 2020-07-13 18:22:48
회원번호 : 928 아이디 : sdsd1- 로그 : 게임구매 확인버튼 클릭 시간 : 2020-07-13 18:22:50
회원번호 : 928 아이디 : sdsd1- 로그 : 모바일 게임구매 버튼 클릭함 시간 : 2020-07-13 18:23:22
회원번호 : 928 아이디 : sdsd1- 로그 : 게임구매 확인버튼 클릭 시간 : 2020-07-13 18:23:23
회원번호 : 928 아이디 : sdsd1- 로그 : 모바일 게임구매 버튼 클릭함 시간 : 2020-07-13 18:23:31
회원번호 : 928 아이디 : sdsd1- 로그 : 게임구매 확인버튼 클릭 시간 : 2020-07-13 18:23:32
회원번호 : 928 아이디 : sdsd1- 로그 : 모바일 게임구매 버튼 클릭함 시간 : 2020-07-13 18:23:47
회원번호 : 928 아이디 : sdsd1- 로그 : 게임구매 확인버튼 클릭 시간 : 2020-07-13 18:23:48
회원번호 : 928 아이디 : sdsd1- 로그 : 모바일 게임구매 버튼 클릭함 시간 : 2020-07-13 18:24:32
회원번호 : 928 아이디 : sdsd1- 로그 : 게임구매 확인버튼 클릭 시간 : 2020-07-13 18:24:33
회원번호 : 3531 아이디 : Jiying1- 로그 : 모바일 게임구매 버튼 클릭함 시간 : 2020-07-13 20:17:46
회원번호 : 3531 아이디 : Jiying1- 로그 : 게임구매 확인버튼 클릭 시간 : 2020-07-13 20:17:47
회원번호 : 1115 아이디 : vsb6060- 로그 : 모바일 게임구매 버튼 클릭함 시간 : 2020-07-13 20:33:35
회원번호 : 1115 아이디 : vsb6060- 로그 : 게임구매 확인버튼 클릭 시간 : 2020-07-13 20:33:36
회원번호 : 3541 아이디 : kkijoong- 로그 : 모바일 게임구매 버튼 클릭함 시간 : 2020-07-13 21:54:05
회원번호 : 3541 아이디 : kkijoong- 로그 : 모바일 게임구매 버튼 클릭함 시간 : 2020-07-13 21:54:21
회원번호 : 3541 아이디 : kkijoong- 로그 : 게임구매 확인버튼 클릭 시간 : 2020-07-13 21:54:22
회원번호 : 126 아이디 : bmw7725- 로그 : 모바일 게임구매 버튼 클릭함 시간 : 2020-07-13 21:57:48
회원번호 : 126 아이디 : bmw7725- 로그 : 게임구매 확인버튼 클릭 시간 : 2020-07-13 21:57:49
회원번호 : 3222 아이디 : dlwnsrn- 로그 : 모바일 게임구매 버튼 클릭함 시간 : 2020-07-13 22:26:18
회원번호 : 3222 아이디 : dlwnsrn- 로그 : 게임구매 확인버튼 클릭 시간 : 2020-07-13 22:26:19
회원번호 : 3222 아이디 : dlwnsrn- 로그 : 모바일 게임구매 버튼 클릭함 시간 : 2020-07-13 22:28:59
회원번호 : 3222 아이디 : dlwnsrn- 로그 : 게임구매 확인버튼 클릭 시간 : 2020-07-13 22:29:00
회원번호 : 3339 아이디 : kkll- 로그 : 모바일 게임구매 버튼 클릭함 시간 : 2020-07-13 22:46:26
회원번호 : 3339 아이디 : kkll- 로그 : 게임구매 확인버튼 클릭 시간 : 2020-07-13 22:46:26
회원번호 : 3515 아이디 : cuslove0- 로그 : 모바일 게임구매 버튼 클릭함 시간 : 2020-07-13 23:12:14
회원번호 : 3515 아이디 : cuslove0- 로그 : 게임구매 확인버튼 클릭 시간 : 2020-07-13 23:12:15
회원번호 : 3515 아이디 : cuslove0- 로그 : 모바일 게임구매 버튼 클릭함 시간 : 2020-07-13 23:51:17
회원번호 : 3515 아이디 : cuslove0- 로그 : 게임구매 확인버튼 클릭 시간 : 2020-07-13 23:51:18
회원번호 : 3339 아이디 : kkll- 로그 : 모바일 게임구매 버튼 클릭함 시간 : 2020-07-14 00:44:59
회원번호 : 3339 아이디 : kkll- 로그 : 게임구매 확인버튼 클릭 시간 : 2020-07-14 00:45:01
회원번호 : 3531 아이디 : Jiying1- 로그 : 모바일 게임구매 버튼 클릭함 시간 : 2020-07-14 00:47:13
회원번호 : 3531 아이디 : Jiying1- 로그 : 게임구매 확인버튼 클릭 시간 : 2020-07-14 00:47:15
회원번호 : 3339 아이디 : kkll- 로그 : 모바일 게임구매 버튼 클릭함 시간 : 2020-07-14 00:52:35
회원번호 : 3339 아이디 : kkll- 로그 : 게임구매 확인버튼 클릭 시간 : 2020-07-14 00:52:36
회원번호 : 3105 아이디 : chy74- 로그 : 모바일 게임구매 버튼 클릭함 시간 : 2020-07-14 00:52:47
회원번호 : 3105 아이디 : chy74- 로그 : 게임구매 확인버튼 클릭 시간 : 2020-07-14 00:52:48
회원번호 : 3339 아이디 : kkll- 로그 : 모바일 게임구매 버튼 클릭함 시간 : 2020-07-14 00:55:09
회원번호 : 3339 아이디 : kkll- 로그 : 게임구매 확인버튼 클릭 시간 : 2020-07-14 00:55:10
회원번호 : 3105 아이디 : chy74- 로그 : 모바일 게임구매 버튼 클릭함 시간 : 2020-07-14 01:04:39
회원번호 : 3105 아이디 : chy74- 로그 : 게임구매 확인버튼 클릭 시간 : 2020-07-14 01:04:41
회원번호 : 3536 아이디 : kch0131- 로그 : 모바일 게임구매 버튼 클릭함 시간 : 2020-07-14 01:37:28
회원번호 : 3339 아이디 : kkll- 로그 : 모바일 게임구매 버튼 클릭함 시간 : 2020-07-14 02:21:04
회원번호 : 3339 아이디 : kkll- 로그 : 모바일 게임구매 버튼 클릭함 시간 : 2020-07-14 02:21:21
회원번호 : 3339 아이디 : kkll- 로그 : 게임구매 확인버튼 클릭 시간 : 2020-07-14 02:21:22
회원번호 : 3339 아이디 : kkll- 로그 : 모바일 게임구매 버튼 클릭함 시간 : 2020-07-14 02:23:26
회원번호 : 3339 아이디 : kkll- 로그 : 게임구매 확인버튼 클릭 시간 : 2020-07-14 02:23:27
회원번호 : 3339 아이디 : kkll- 로그 : 모바일 게임구매 버튼 클릭함 시간 : 2020-07-14 02:29:28
회원번호 : 3339 아이디 : kkll- 로그 : 게임구매 확인버튼 클릭 시간 : 2020-07-14 02:29:29
회원번호 : 3339 아이디 : kkll- 로그 : 모바일 게임구매 버튼 클릭함 시간 : 2020-07-14 02:43:37
회원번호 : 3339 아이디 : kkll- 로그 : 게임구매 확인버튼 클릭 시간 : 2020-07-14 02:43:38
회원번호 : 3520 아이디 : fmfm1234 - 로그 : 모바일 게임구매 버튼 클릭함 시간 : 2020-07-14 03:39:50
회원번호 : 3209 아이디 : lodgood1- 로그 : 모바일 게임구매 버튼 클릭함 시간 : 2020-07-14 03:48:40
회원번호 : 3209 아이디 : lodgood1- 로그 : 게임구매 확인버튼 클릭 시간 : 2020-07-14 03:48:41
회원번호 : 3209 아이디 : lodgood1- 로그 : 모바일 게임구매 버튼 클릭함 시간 : 2020-07-14 03:48:49
회원번호 : 3209 아이디 : lodgood1- 로그 : 게임구매 확인버튼 클릭 시간 : 2020-07-14 03:48:50
회원번호 : 3105 아이디 : chy74- 로그 : 모바일 게임구매 버튼 클릭함 시간 : 2020-07-14 03:55:22
회원번호 : 3105 아이디 : chy74- 로그 : 게임구매 확인버튼 클릭 시간 : 2020-07-14 03:55:23
회원번호 : 126 아이디 : bmw7725- 로그 : 모바일 게임구매 버튼 클릭함 시간 : 2020-07-14 04:18:01
회원번호 : 126 아이디 : bmw7725- 로그 : 게임구매 확인버튼 클릭 시간 : 2020-07-14 04:18:02
회원번호 : 1115 아이디 : vsb6060- 로그 : 모바일 게임구매 버튼 클릭함 시간 : 2020-07-14 06:41:20
회원번호 : 1115 아이디 : vsb6060- 로그 : 게임구매 확인버튼 클릭 시간 : 2020-07-14 06:41:21
회원번호 : 3340 아이디 : kd1939- 로그 : 모바일 게임구매 버튼 클릭함 시간 : 2020-07-14 14:15:03
회원번호 : 3340 아이디 : kd1939- 로그 : 게임구매 확인버튼 클릭 시간 : 2020-07-14 14:15:04
회원번호 : 3340 아이디 : kd1939- 로그 : 모바일 게임구매 버튼 클릭함 시간 : 2020-07-14 14:16:39
회원번호 : 3340 아이디 : kd1939- 로그 : 게임구매 확인버튼 클릭 시간 : 2020-07-14 14:16:40
회원번호 : 2844 아이디 : sbs6- 로그 : 모바일 게임구매 버튼 클릭함 시간 : 2020-07-14 15:01:31
회원번호 : 2844 아이디 : sbs6- 로그 : 게임구매 확인버튼 클릭 시간 : 2020-07-14 15:01:33
회원번호 : 3515 아이디 : cuslove0- 로그 : 모바일 게임구매 버튼 클릭함 시간 : 2020-07-14 15:01:54
회원번호 : 3515 아이디 : cuslove0- 로그 : 게임구매 확인버튼 클릭 시간 : 2020-07-14 15:01:55
회원번호 : 3203 아이디 : king11- 로그 : 모바일 게임구매 버튼 클릭함 시간 : 2020-07-14 15:03:34
회원번호 : 3203 아이디 : king11- 로그 : 게임구매 확인버튼 클릭 시간 : 2020-07-14 15:03:35
회원번호 : 3535 아이디 : zprzpr83- 로그 : 모바일 게임구매 버튼 클릭함 시간 : 2020-07-14 15:13:56
회원번호 : 3535 아이디 : zprzpr83- 로그 : 게임구매 확인버튼 클릭 시간 : 2020-07-14 15:13:57
회원번호 : 3481 아이디 : Cls350- 로그 : 모바일 게임구매 버튼 클릭함 시간 : 2020-07-14 15:28:16
회원번호 : 3481 아이디 : Cls350- 로그 : 게임구매 확인버튼 클릭 시간 : 2020-07-14 15:28:18
회원번호 : 3520 아이디 : fmfm1234 - 로그 : 모바일 게임구매 버튼 클릭함 시간 : 2020-07-14 15:38:15
회원번호 : 3520 아이디 : fmfm1234 - 로그 : 게임구매 확인버튼 클릭 시간 : 2020-07-14 15:38:16
회원번호 : 1115 아이디 : vsb6060- 로그 : 모바일 게임구매 버튼 클릭함 시간 : 2020-07-14 15:40:07
회원번호 : 1115 아이디 : vsb6060- 로그 : 게임구매 확인버튼 클릭 시간 : 2020-07-14 15:40:08
회원번호 : 3339 아이디 : kkll- 로그 : 모바일 게임구매 버튼 클릭함 시간 : 2020-07-14 15:43:33
회원번호 : 3339 아이디 : kkll- 로그 : 게임구매 확인버튼 클릭 시간 : 2020-07-14 15:43:34
회원번호 : 3339 아이디 : kkll- 로그 : 모바일 게임구매 버튼 클릭함 시간 : 2020-07-14 15:44:23
회원번호 : 3339 아이디 : kkll- 로그 : 모바일 게임구매 버튼 클릭함 시간 : 2020-07-14 15:44:35
회원번호 : 3339 아이디 : kkll- 로그 : 게임구매 확인버튼 클릭 시간 : 2020-07-14 15:44:36
회원번호 : 3339 아이디 : kkll- 로그 : 모바일 게임구매 버튼 클릭함 시간 : 2020-07-14 15:46:56
회원번호 : 3339 아이디 : kkll- 로그 : 모바일 게임구매 버튼 클릭함 시간 : 2020-07-14 15:47:08
회원번호 : 3339 아이디 : kkll- 로그 : 게임구매 확인버튼 클릭 시간 : 2020-07-14 15:47:09
회원번호 : 3000 아이디 : shsh6848- 로그 : 모바일 게임구매 버튼 클릭함 시간 : 2020-07-14 15:49:46
회원번호 : 3000 아이디 : shsh6848- 로그 : 게임구매 확인버튼 클릭 시간 : 2020-07-14 15:49:47
회원번호 : 2846 아이디 : smsports7- 로그 : 모바일 게임구매 버튼 클릭함 시간 : 2020-07-14 16:00:58
회원번호 : 2846 아이디 : smsports7- 로그 : 게임구매 확인버튼 클릭 시간 : 2020-07-14 16:00:59
회원번호 : 3528 아이디 : susu777- 로그 : 모바일 게임구매 버튼 클릭함 시간 : 2020-07-14 16:08:23
회원번호 : 3528 아이디 : susu777- 로그 : 게임구매 확인버튼 클릭 시간 : 2020-07-14 16:08:25
회원번호 : 3531 아이디 : Jiying1- 로그 : 모바일 게임구매 버튼 클릭함 시간 : 2020-07-14 16:12:08
회원번호 : 3531 아이디 : Jiying1- 로그 : 게임구매 확인버튼 클릭 시간 : 2020-07-14 16:12:10
회원번호 : 3222 아이디 : dlwnsrn- 로그 : 모바일 게임구매 버튼 클릭함 시간 : 2020-07-14 16:54:14
회원번호 : 3222 아이디 : dlwnsrn- 로그 : 게임구매 확인버튼 클릭 시간 : 2020-07-14 16:54:15
회원번호 : 3222 아이디 : dlwnsrn- 로그 : 모바일 게임구매 버튼 클릭함 시간 : 2020-07-14 16:56:19
회원번호 : 3222 아이디 : dlwnsrn- 로그 : 게임구매 확인버튼 클릭 시간 : 2020-07-14 16:56:20
회원번호 : 3222 아이디 : dlwnsrn- 로그 : 모바일 게임구매 버튼 클릭함 시간 : 2020-07-14 16:59:04
회원번호 : 3222 아이디 : dlwnsrn- 로그 : 게임구매 확인버튼 클릭 시간 : 2020-07-14 16:59:05
회원번호 : 126 아이디 : bmw7725- 로그 : 모바일 게임구매 버튼 클릭함 시간 : 2020-07-14 16:59:14
회원번호 : 126 아이디 : bmw7725- 로그 : 게임구매 확인버튼 클릭 시간 : 2020-07-14 16:59:15
회원번호 : 3531 아이디 : Jiying1- 로그 : 모바일 게임구매 버튼 클릭함 시간 : 2020-07-14 17:09:12
회원번호 : 3531 아이디 : Jiying1- 로그 : 게임구매 확인버튼 클릭 시간 : 2020-07-14 17:09:14
회원번호 : 2843 아이디 : Pjs7686- 로그 : 모바일 게임구매 버튼 클릭함 시간 : 2020-07-14 17:09:42
회원번호 : 2843 아이디 : Pjs7686- 로그 : 게임구매 확인버튼 클릭 시간 : 2020-07-14 17:09:43
회원번호 : 3222 아이디 : dlwnsrn- 로그 : 모바일 게임구매 버튼 클릭함 시간 : 2020-07-14 17:09:56
회원번호 : 3222 아이디 : dlwnsrn- 로그 : 게임구매 확인버튼 클릭 시간 : 2020-07-14 17:09:59
회원번호 : 2843 아이디 : Pjs7686- 로그 : 모바일 게임구매 버튼 클릭함 시간 : 2020-07-14 17:17:20
회원번호 : 2843 아이디 : Pjs7686- 로그 : 게임구매 확인버튼 클릭 시간 : 2020-07-14 17:17:21
회원번호 : 3222 아이디 : dlwnsrn- 로그 : 모바일 게임구매 버튼 클릭함 시간 : 2020-07-14 17:20:22
회원번호 : 3222 아이디 : dlwnsrn- 로그 : 게임구매 확인버튼 클릭 시간 : 2020-07-14 17:20:23
회원번호 : 3531 아이디 : Jiying1- 로그 : 모바일 게임구매 버튼 클릭함 시간 : 2020-07-14 17:22:53
회원번호 : 3531 아이디 : Jiying1- 로그 : 게임구매 확인버튼 클릭 시간 : 2020-07-14 17:22:55
회원번호 : 2845 아이디 : popo0909- 로그 : 모바일 게임구매 버튼 클릭함 시간 : 2020-07-14 17:27:00
회원번호 : 2845 아이디 : popo0909- 로그 : 게임구매 확인버튼 클릭 시간 : 2020-07-14 17:27:01
회원번호 : 2845 아이디 : popo0909- 로그 : 모바일 게임구매 버튼 클릭함 시간 : 2020-07-14 17:29:44
회원번호 : 2845 아이디 : popo0909- 로그 : 게임구매 확인버튼 클릭 시간 : 2020-07-14 17:29:45
회원번호 : 111 아이디 : ben3- 로그 : 모바일 게임구매 버튼 클릭함 시간 : 2020-07-14 17:30:54
회원번호 : 111 아이디 : ben3- 로그 : 게임구매 확인버튼 클릭 시간 : 2020-07-14 17:30:55
회원번호 : 111 아이디 : ben3- 로그 : 모바일 게임구매 버튼 클릭함 시간 : 2020-07-14 17:31:46
회원번호 : 111 아이디 : ben3- 로그 : 게임구매 확인버튼 클릭 시간 : 2020-07-14 17:31:47
회원번호 : 3529 아이디 : Ufo09- 로그 : 모바일 게임구매 버튼 클릭함 시간 : 2020-07-14 17:37:49
회원번호 : 3529 아이디 : Ufo09- 로그 : 게임구매 확인버튼 클릭 시간 : 2020-07-14 17:37:50
회원번호 : 3209 아이디 : lodgood1- 로그 : 모바일 게임구매 버튼 클릭함 시간 : 2020-07-14 17:38:23
회원번호 : 3209 아이디 : lodgood1- 로그 : 게임구매 확인버튼 클릭 시간 : 2020-07-14 17:38:24
회원번호 : 3209 아이디 : lodgood1- 로그 : 모바일 게임구매 버튼 클릭함 시간 : 2020-07-14 17:46:23
회원번호 : 3209 아이디 : lodgood1- 로그 : 게임구매 확인버튼 클릭 시간 : 2020-07-14 17:46:24
회원번호 : 3533 아이디 : csd1820 - 로그 : 모바일 게임구매 버튼 클릭함 시간 : 2020-07-14 17:48:42
회원번호 : 3533 아이디 : csd1820 - 로그 : 게임구매 확인버튼 클릭 시간 : 2020-07-14 17:48:43
회원번호 : 3209 아이디 : lodgood1- 로그 : 모바일 게임구매 버튼 클릭함 시간 : 2020-07-14 17:50:14
회원번호 : 3209 아이디 : lodgood1- 로그 : 게임구매 확인버튼 클릭 시간 : 2020-07-14 17:50:14
회원번호 : 3339 아이디 : kkll- 로그 : 모바일 게임구매 버튼 클릭함 시간 : 2020-07-14 17:50:49
회원번호 : 3339 아이디 : kkll- 로그 : 게임구매 확인버튼 클릭 시간 : 2020-07-14 17:50:50
회원번호 : 3209 아이디 : lodgood1- 로그 : 모바일 게임구매 버튼 클릭함 시간 : 2020-07-14 17:53:06
회원번호 : 3209 아이디 : lodgood1- 로그 : 게임구매 확인버튼 클릭 시간 : 2020-07-14 17:53:07
회원번호 : 928 아이디 : sdsd1- 로그 : 모바일 게임구매 버튼 클릭함 시간 : 2020-07-14 17:55:15
회원번호 : 928 아이디 : sdsd1- 로그 : 게임구매 확인버튼 클릭 시간 : 2020-07-14 17:55:16
회원번호 : 3533 아이디 : csd1820 - 로그 : 모바일 게임구매 버튼 클릭함 시간 : 2020-07-14 18:07:49
회원번호 : 3533 아이디 : csd1820 - 로그 : 게임구매 확인버튼 클릭 시간 : 2020-07-14 18:07:50
회원번호 : 3105 아이디 : chy74- 로그 : 모바일 게임구매 버튼 클릭함 시간 : 2020-07-14 18:15:21
회원번호 : 3105 아이디 : chy74- 로그 : 게임구매 확인버튼 클릭 시간 : 2020-07-14 18:15:22
회원번호 : 928 아이디 : sdsd1- 로그 : 모바일 게임구매 버튼 클릭함 시간 : 2020-07-14 18:15:33
회원번호 : 928 아이디 : sdsd1- 로그 : 게임구매 확인버튼 클릭 시간 : 2020-07-14 18:15:34
회원번호 : 928 아이디 : sdsd1- 로그 : 모바일 게임구매 버튼 클릭함 시간 : 2020-07-14 18:15:41
회원번호 : 928 아이디 : sdsd1- 로그 : 게임구매 확인버튼 클릭 시간 : 2020-07-14 18:15:42
회원번호 : 928 아이디 : sdsd1- 로그 : 모바일 게임구매 버튼 클릭함 시간 : 2020-07-14 18:16:03
회원번호 : 928 아이디 : sdsd1- 로그 : 게임구매 확인버튼 클릭 시간 : 2020-07-14 18:16:04
회원번호 : 928 아이디 : sdsd1- 로그 : 모바일 게임구매 버튼 클릭함 시간 : 2020-07-14 18:17:01
회원번호 : 928 아이디 : sdsd1- 로그 : 게임구매 확인버튼 클릭 시간 : 2020-07-14 18:17:02
회원번호 : 928 아이디 : sdsd1- 로그 : 모바일 게임구매 버튼 클릭함 시간 : 2020-07-14 18:17:10
회원번호 : 928 아이디 : sdsd1- 로그 : 게임구매 확인버튼 클릭 시간 : 2020-07-14 18:17:12
회원번호 : 928 아이디 : sdsd1- 로그 : 모바일 게임구매 버튼 클릭함 시간 : 2020-07-14 18:17:58
회원번호 : 928 아이디 : sdsd1- 로그 : 게임구매 확인버튼 클릭 시간 : 2020-07-14 18:17:59
회원번호 : 928 아이디 : sdsd1- 로그 : 모바일 게임구매 버튼 클릭함 시간 : 2020-07-14 18:18:15
회원번호 : 928 아이디 : sdsd1- 로그 : 게임구매 확인버튼 클릭 시간 : 2020-07-14 18:18:17
회원번호 : 928 아이디 : sdsd1- 로그 : 모바일 게임구매 버튼 클릭함 시간 : 2020-07-14 18:18:27
회원번호 : 928 아이디 : sdsd1- 로그 : 게임구매 확인버튼 클릭 시간 : 2020-07-14 18:18:28
회원번호 : 3128 아이디 : y1234- 로그 : 모바일 게임구매 버튼 클릭함 시간 : 2020-07-14 18:19:09
회원번호 : 3128 아이디 : y1234- 로그 : 게임구매 확인버튼 클릭 시간 : 2020-07-14 18:19:10
회원번호 : 3031 아이디 : modellys- 로그 : 모바일 게임구매 버튼 클릭함 시간 : 2020-07-14 18:19:12
회원번호 : 3031 아이디 : modellys- 로그 : 게임구매 확인버튼 클릭 시간 : 2020-07-14 18:19:13
회원번호 : 3128 아이디 : y1234- 로그 : 모바일 게임구매 버튼 클릭함 시간 : 2020-07-14 18:20:34
회원번호 : 3128 아이디 : y1234- 로그 : 게임구매 확인버튼 클릭 시간 : 2020-07-14 18:20:35
회원번호 : 3536 아이디 : kch0131- 로그 : 모바일 게임구매 버튼 클릭함 시간 : 2020-07-14 18:23:16
회원번호 : 3536 아이디 : kch0131- 로그 : 게임구매 확인버튼 클릭 시간 : 2020-07-14 18:23:17
회원번호 : 3506 아이디 : choiys35- 로그 : 모바일 게임구매 버튼 클릭함 시간 : 2020-07-14 19:21:57
회원번호 : 3506 아이디 : choiys35- 로그 : 게임구매 확인버튼 클릭 시간 : 2020-07-14 19:21:58
회원번호 : 2782 아이디 : fff111- 로그 : 모바일 게임구매 버튼 클릭함 시간 : 2020-07-14 19:43:37
회원번호 : 2782 아이디 : fff111- 로그 : 게임구매 확인버튼 클릭 시간 : 2020-07-14 19:43:38
회원번호 : 1115 아이디 : vsb6060- 로그 : 모바일 게임구매 버튼 클릭함 시간 : 2020-07-14 21:09:34
회원번호 : 1115 아이디 : vsb6060- 로그 : 게임구매 확인버튼 클릭 시간 : 2020-07-14 21:09:35
회원번호 : 3222 아이디 : dlwnsrn- 로그 : 모바일 게임구매 버튼 클릭함 시간 : 2020-07-14 21:33:34
회원번호 : 3222 아이디 : dlwnsrn- 로그 : 게임구매 확인버튼 클릭 시간 : 2020-07-14 21:33:35
회원번호 : 3105 아이디 : chy74- 로그 : 모바일 게임구매 버튼 클릭함 시간 : 2020-07-14 21:41:12
회원번호 : 3105 아이디 : chy74- 로그 : 게임구매 확인버튼 클릭 시간 : 2020-07-14 21:41:13
회원번호 : 3531 아이디 : Jiying1- 로그 : 모바일 게임구매 버튼 클릭함 시간 : 2020-07-14 21:56:05
회원번호 : 3531 아이디 : Jiying1- 로그 : 게임구매 확인버튼 클릭 시간 : 2020-07-14 21:56:06
회원번호 : 3031 아이디 : modellys- 로그 : 모바일 게임구매 버튼 클릭함 시간 : 2020-07-14 22:12:55
회원번호 : 3031 아이디 : modellys- 로그 : 게임구매 확인버튼 클릭 시간 : 2020-07-14 22:12:56
회원번호 : 3031 아이디 : modellys- 로그 : 모바일 게임구매 버튼 클릭함 시간 : 2020-07-14 22:24:05
회원번호 : 3031 아이디 : modellys- 로그 : 게임구매 확인버튼 클릭 시간 : 2020-07-14 22:24:06
회원번호 : 3222 아이디 : dlwnsrn- 로그 : 모바일 게임구매 버튼 클릭함 시간 : 2020-07-14 22:42:05
회원번호 : 3222 아이디 : dlwnsrn- 로그 : 게임구매 확인버튼 클릭 시간 : 2020-07-14 22:42:06
회원번호 : 3531 아이디 : Jiying1- 로그 : 모바일 게임구매 버튼 클릭함 시간 : 2020-07-15 00:20:01
회원번호 : 3531 아이디 : Jiying1- 로그 : 게임구매 확인버튼 클릭 시간 : 2020-07-15 00:20:02
회원번호 : 3515 아이디 : cuslove0- 로그 : 모바일 게임구매 버튼 클릭함 시간 : 2020-07-15 00:22:30
회원번호 : 3515 아이디 : cuslove0- 로그 : 게임구매 확인버튼 클릭 시간 : 2020-07-15 00:22:31
회원번호 : 3531 아이디 : Jiying1- 로그 : 모바일 게임구매 버튼 클릭함 시간 : 2020-07-15 00:34:22
회원번호 : 3531 아이디 : Jiying1- 로그 : 게임구매 확인버튼 클릭 시간 : 2020-07-15 00:34:24
회원번호 : 1115 아이디 : vsb6060- 로그 : 모바일 게임구매 버튼 클릭함 시간 : 2020-07-15 00:53:49
회원번호 : 1115 아이디 : vsb6060- 로그 : 게임구매 확인버튼 클릭 시간 : 2020-07-15 00:53:50
회원번호 : 126 아이디 : bmw7725- 로그 : 모바일 게임구매 버튼 클릭함 시간 : 2020-07-15 01:30:21
회원번호 : 126 아이디 : bmw7725- 로그 : 게임구매 확인버튼 클릭 시간 : 2020-07-15 01:30:22
회원번호 : 3531 아이디 : Jiying1- 로그 : 모바일 게임구매 버튼 클릭함 시간 : 2020-07-15 02:47:48
회원번호 : 3531 아이디 : Jiying1- 로그 : 게임구매 확인버튼 클릭 시간 : 2020-07-15 02:47:50
회원번호 : 3531 아이디 : Jiying1- 로그 : 모바일 게임구매 버튼 클릭함 시간 : 2020-07-15 02:56:56
회원번호 : 3531 아이디 : Jiying1- 로그 : 게임구매 확인버튼 클릭 시간 : 2020-07-15 02:56:57
회원번호 : 3339 아이디 : kkll- 로그 : 모바일 게임구매 버튼 클릭함 시간 : 2020-07-15 03:10:01
회원번호 : 3339 아이디 : kkll- 로그 : 모바일 게임구매 버튼 클릭함 시간 : 2020-07-15 03:10:34
회원번호 : 3339 아이디 : kkll- 로그 : 모바일 게임구매 버튼 클릭함 시간 : 2020-07-15 03:11:01
회원번호 : 3339 아이디 : kkll- 로그 : 게임구매 확인버튼 클릭 시간 : 2020-07-15 03:11:03
회원번호 : 3339 아이디 : kkll- 로그 : 모바일 게임구매 버튼 클릭함 시간 : 2020-07-15 03:13:13
회원번호 : 3339 아이디 : kkll- 로그 : 게임구매 확인버튼 클릭 시간 : 2020-07-15 03:13:14
회원번호 : 1115 아이디 : vsb6060- 로그 : 모바일 게임구매 버튼 클릭함 시간 : 2020-07-15 03:20:02
회원번호 : 3515 아이디 : cuslove0- 로그 : 모바일 게임구매 버튼 클릭함 시간 : 2020-07-15 03:20:03
회원번호 : 1115 아이디 : vsb6060- 로그 : 게임구매 확인버튼 클릭 시간 : 2020-07-15 03:20:03
회원번호 : 3515 아이디 : cuslove0- 로그 : 게임구매 확인버튼 클릭 시간 : 2020-07-15 03:20:04
회원번호 : 3105 아이디 : chy74- 로그 : 모바일 게임구매 버튼 클릭함 시간 : 2020-07-15 04:07:55
회원번호 : 3105 아이디 : chy74- 로그 : 게임구매 확인버튼 클릭 시간 : 2020-07-15 04:07:56
회원번호 : 3193 아이디 : dlgldlgldlgl- 로그 : 모바일 게임구매 버튼 클릭함 시간 : 2020-07-15 06:26:32
회원번호 : 3193 아이디 : dlgldlgldlgl- 로그 : 게임구매 확인버튼 클릭 시간 : 2020-07-15 06:26:33
회원번호 : 3193 아이디 : dlgldlgldlgl- 로그 : 모바일 게임구매 버튼 클릭함 시간 : 2020-07-15 06:28:10
회원번호 : 3193 아이디 : dlgldlgldlgl- 로그 : 게임구매 확인버튼 클릭 시간 : 2020-07-15 06:28:12
회원번호 : 126 아이디 : bmw7725- 로그 : 모바일 게임구매 버튼 클릭함 시간 : 2020-07-15 07:35:15
회원번호 : 126 아이디 : bmw7725- 로그 : 게임구매 확인버튼 클릭 시간 : 2020-07-15 07:35:16
회원번호 : 2 아이디 : phpprogram- 로그 : 모바일 게임구매 버튼 클릭함 시간 : 2020-07-15 08:11:29
회원번호 : 2 아이디 : phpprogram- 로그 : 게임구매 확인버튼 클릭 시간 : 2020-07-15 08:11:30
회원번호 : 2 아이디 : phpprogram- 로그 : 모바일 게임구매 버튼 클릭함 시간 : 2020-07-15 08:14:10
회원번호 : 2 아이디 : phpprogram- 로그 : 게임구매 확인버튼 클릭 시간 : 2020-07-15 08:14:11
회원번호 : 3515 아이디 : cuslove0- 로그 : 모바일 게임구매 버튼 클릭함 시간 : 2020-07-15 09:50:25
회원번호 : 3515 아이디 : cuslove0- 로그 : 게임구매 확인버튼 클릭 시간 : 2020-07-15 09:50:30
회원번호 : 3339 아이디 : kkll- 로그 : 모바일 게임구매 버튼 클릭함 시간 : 2020-07-15 12:41:11
회원번호 : 3339 아이디 : kkll- 로그 : 게임구매 확인버튼 클릭 시간 : 2020-07-15 12:41:11
회원번호 : 3339 아이디 : kkll- 로그 : 모바일 게임구매 버튼 클릭함 시간 : 2020-07-15 12:45:44
회원번호 : 3339 아이디 : kkll- 로그 : 게임구매 확인버튼 클릭 시간 : 2020-07-15 12:45:45
회원번호 : 3339 아이디 : kkll- 로그 : 모바일 게임구매 버튼 클릭함 시간 : 2020-07-15 12:46:40
회원번호 : 3339 아이디 : kkll- 로그 : 게임구매 확인버튼 클릭 시간 : 2020-07-15 12:46:41
회원번호 : 3339 아이디 : kkll- 로그 : 모바일 게임구매 버튼 클릭함 시간 : 2020-07-15 12:51:51
회원번호 : 3339 아이디 : kkll- 로그 : 게임구매 확인버튼 클릭 시간 : 2020-07-15 12:51:52
회원번호 : 3531 아이디 : Jiying1- 로그 : 모바일 게임구매 버튼 클릭함 시간 : 2020-07-15 13:22:44
회원번호 : 3531 아이디 : Jiying1- 로그 : 게임구매 확인버튼 클릭 시간 : 2020-07-15 13:22:46
회원번호 : 3535 아이디 : zprzpr83- 로그 : 모바일 게임구매 버튼 클릭함 시간 : 2020-07-15 13:23:15
회원번호 : 3535 아이디 : zprzpr83- 로그 : 게임구매 확인버튼 클릭 시간 : 2020-07-15 13:23:16
회원번호 : 3531 아이디 : Jiying1- 로그 : 모바일 게임구매 버튼 클릭함 시간 : 2020-07-15 13:36:46
회원번호 : 3531 아이디 : Jiying1- 로그 : 게임구매 확인버튼 클릭 시간 : 2020-07-15 13:36:48
회원번호 : 3339 아이디 : kkll- 로그 : 모바일 게임구매 버튼 클릭함 시간 : 2020-07-15 13:57:49
회원번호 : 3339 아이디 : kkll- 로그 : 게임구매 확인버튼 클릭 시간 : 2020-07-15 13:57:50
회원번호 : 1115 아이디 : vsb6060- 로그 : 모바일 게임구매 버튼 클릭함 시간 : 2020-07-15 14:05:13
회원번호 : 1115 아이디 : vsb6060- 로그 : 게임구매 확인버튼 클릭 시간 : 2020-07-15 14:05:14
회원번호 : 2844 아이디 : sbs6- 로그 : 모바일 게임구매 버튼 클릭함 시간 : 2020-07-15 14:12:32
회원번호 : 2844 아이디 : sbs6- 로그 : 게임구매 확인버튼 클릭 시간 : 2020-07-15 14:12:34
회원번호 : 3531 아이디 : Jiying1- 로그 : 모바일 게임구매 버튼 클릭함 시간 : 2020-07-15 14:30:45
회원번호 : 3531 아이디 : Jiying1- 로그 : 게임구매 확인버튼 클릭 시간 : 2020-07-15 14:30:47
회원번호 : 3531 아이디 : Jiying1- 로그 : 모바일 게임구매 버튼 클릭함 시간 : 2020-07-15 14:37:19
회원번호 : 3531 아이디 : Jiying1- 로그 : 게임구매 확인버튼 클릭 시간 : 2020-07-15 14:37:23
회원번호 : 1115 아이디 : vsb6060- 로그 : 모바일 게임구매 버튼 클릭함 시간 : 2020-07-15 15:05:40
회원번호 : 1115 아이디 : vsb6060- 로그 : 게임구매 확인버튼 클릭 시간 : 2020-07-15 15:05:41
회원번호 : 3339 아이디 : kkll- 로그 : 모바일 게임구매 버튼 클릭함 시간 : 2020-07-15 15:17:51
회원번호 : 3339 아이디 : kkll- 로그 : 게임구매 확인버튼 클릭 시간 : 2020-07-15 15:17:52
회원번호 : 3339 아이디 : kkll- 로그 : 모바일 게임구매 버튼 클릭함 시간 : 2020-07-15 15:21:17
회원번호 : 3339 아이디 : kkll- 로그 : 게임구매 확인버튼 클릭 시간 : 2020-07-15 15:21:18
회원번호 : 126 아이디 : bmw7725- 로그 : 모바일 게임구매 버튼 클릭함 시간 : 2020-07-15 15:45:20
회원번호 : 126 아이디 : bmw7725- 로그 : 게임구매 확인버튼 클릭 시간 : 2020-07-15 15:45:22
회원번호 : 3530 아이디 : kbnbkk- 로그 : 모바일 게임구매 버튼 클릭함 시간 : 2020-07-15 16:27:23
회원번호 : 3530 아이디 : kbnbkk- 로그 : 게임구매 확인버튼 클릭 시간 : 2020-07-15 16:27:24
회원번호 : 3530 아이디 : kbnbkk- 로그 : 모바일 게임구매 버튼 클릭함 시간 : 2020-07-15 16:28:46
회원번호 : 3530 아이디 : kbnbkk- 로그 : 게임구매 확인버튼 클릭 시간 : 2020-07-15 16:28:47
회원번호 : 3530 아이디 : kbnbkk- 로그 : 모바일 게임구매 버튼 클릭함 시간 : 2020-07-15 16:29:56
회원번호 : 3530 아이디 : kbnbkk- 로그 : 게임구매 확인버튼 클릭 시간 : 2020-07-15 16:29:58
회원번호 : 3472 아이디 : kky8894- 로그 : 모바일 게임구매 버튼 클릭함 시간 : 2020-07-15 16:34:14
회원번호 : 3472 아이디 : kky8894- 로그 : 게임구매 확인버튼 클릭 시간 : 2020-07-15 16:34:15
회원번호 : 3472 아이디 : kky8894- 로그 : 모바일 게임구매 버튼 클릭함 시간 : 2020-07-15 16:37:56
회원번호 : 3472 아이디 : kky8894- 로그 : 게임구매 확인버튼 클릭 시간 : 2020-07-15 16:37:57
회원번호 : 3515 아이디 : cuslove0- 로그 : 모바일 게임구매 버튼 클릭함 시간 : 2020-07-15 16:38:32
회원번호 : 3515 아이디 : cuslove0- 로그 : 게임구매 확인버튼 클릭 시간 : 2020-07-15 16:38:33
회원번호 : 3506 아이디 : choiys35- 로그 : 모바일 게임구매 버튼 클릭함 시간 : 2020-07-15 16:40:26
회원번호 : 3506 아이디 : choiys35- 로그 : 게임구매 확인버튼 클릭 시간 : 2020-07-15 16:40:27
회원번호 : 3472 아이디 : kky8894- 로그 : 모바일 게임구매 버튼 클릭함 시간 : 2020-07-15 16:41:35
회원번호 : 3472 아이디 : kky8894- 로그 : 게임구매 확인버튼 클릭 시간 : 2020-07-15 16:41:36
회원번호 : 3520 아이디 : fmfm1234 - 로그 : 모바일 게임구매 버튼 클릭함 시간 : 2020-07-15 17:06:43
회원번호 : 3520 아이디 : fmfm1234 - 로그 : 게임구매 확인버튼 클릭 시간 : 2020-07-15 17:06:45
회원번호 : 3520 아이디 : fmfm1234 - 로그 : 모바일 게임구매 버튼 클릭함 시간 : 2020-07-15 17:19:12
회원번호 : 3520 아이디 : fmfm1234 - 로그 : 게임구매 확인버튼 클릭 시간 : 2020-07-15 17:19:15
회원번호 : 3427 아이디 : ppppp1- 로그 : 모바일 게임구매 버튼 클릭함 시간 : 2020-07-15 17:27:09
회원번호 : 3427 아이디 : ppppp1- 로그 : 게임구매 확인버튼 클릭 시간 : 2020-07-15 17:27:10
회원번호 : 2845 아이디 : popo0909- 로그 : 모바일 게임구매 버튼 클릭함 시간 : 2020-07-15 17:28:26
회원번호 : 2845 아이디 : popo0909- 로그 : 게임구매 확인버튼 클릭 시간 : 2020-07-15 17:28:27
회원번호 : 2845 아이디 : popo0909- 로그 : 모바일 게임구매 버튼 클릭함 시간 : 2020-07-15 17:30:46
회원번호 : 2845 아이디 : popo0909- 로그 : 게임구매 확인버튼 클릭 시간 : 2020-07-15 17:30:47
회원번호 : 3529 아이디 : Ufo09- 로그 : 모바일 게임구매 버튼 클릭함 시간 : 2020-07-15 17:31:47
회원번호 : 3529 아이디 : Ufo09- 로그 : 게임구매 확인버튼 클릭 시간 : 2020-07-15 17:31:49
회원번호 : 3546 아이디 : kangg0978- 로그 : 모바일 게임구매 버튼 클릭함 시간 : 2020-07-15 17:34:51
회원번호 : 3546 아이디 : kangg0978- 로그 : 게임구매 확인버튼 클릭 시간 : 2020-07-15 17:34:52
회원번호 : 3546 아이디 : kangg0978- 로그 : 모바일 게임구매 버튼 클릭함 시간 : 2020-07-15 17:35:22
회원번호 : 3546 아이디 : kangg0978- 로그 : 게임구매 확인버튼 클릭 시간 : 2020-07-15 17:35:23
회원번호 : 111 아이디 : ben3- 로그 : 모바일 게임구매 버튼 클릭함 시간 : 2020-07-15 17:38:22
회원번호 : 111 아이디 : ben3- 로그 : 게임구매 확인버튼 클릭 시간 : 2020-07-15 17:38:23
회원번호 : 111 아이디 : ben3- 로그 : 모바일 게임구매 버튼 클릭함 시간 : 2020-07-15 17:39:19
회원번호 : 111 아이디 : ben3- 로그 : 게임구매 확인버튼 클릭 시간 : 2020-07-15 17:39:20
회원번호 : 2843 아이디 : Pjs7686- 로그 : 모바일 게임구매 버튼 클릭함 시간 : 2020-07-15 17:44:30
회원번호 : 2843 아이디 : Pjs7686- 로그 : 게임구매 확인버튼 클릭 시간 : 2020-07-15 17:44:31
회원번호 : 3481 아이디 : Cls350- 로그 : 모바일 게임구매 버튼 클릭함 시간 : 2020-07-15 17:46:10
회원번호 : 3481 아이디 : Cls350- 로그 : 게임구매 확인버튼 클릭 시간 : 2020-07-15 17:46:11
회원번호 : 3481 아이디 : Cls350- 로그 : 모바일 게임구매 버튼 클릭함 시간 : 2020-07-15 17:48:13
회원번호 : 3481 아이디 : Cls350- 로그 : 게임구매 확인버튼 클릭 시간 : 2020-07-15 17:48:14
회원번호 : 3105 아이디 : chy74- 로그 : 모바일 게임구매 버튼 클릭함 시간 : 2020-07-15 17:49:38
회원번호 : 3105 아이디 : chy74- 로그 : 게임구매 확인버튼 클릭 시간 : 2020-07-15 17:49:39
회원번호 : 3554 아이디 : a1234- 로그 : 모바일 게임구매 버튼 클릭함 시간 : 2020-07-15 17:57:47
회원번호 : 3554 아이디 : a1234- 로그 : 게임구매 확인버튼 클릭 시간 : 2020-07-15 17:57:48
회원번호 : 3541 아이디 : kkijoong- 로그 : 모바일 게임구매 버튼 클릭함 시간 : 2020-07-15 17:59:56
회원번호 : 3541 아이디 : kkijoong- 로그 : 모바일 게임구매 버튼 클릭함 시간 : 2020-07-15 18:00:51
회원번호 : 3541 아이디 : kkijoong- 로그 : 게임구매 확인버튼 클릭 시간 : 2020-07-15 18:00:52
회원번호 : 3548 아이디 : zabara7- 로그 : 모바일 게임구매 버튼 클릭함 시간 : 2020-07-15 18:05:08
회원번호 : 3548 아이디 : zabara7- 로그 : 게임구매 확인버튼 클릭 시간 : 2020-07-15 18:05:10
회원번호 : 2782 아이디 : fff111- 로그 : 모바일 게임구매 버튼 클릭함 시간 : 2020-07-15 18:09:40
회원번호 : 2782 아이디 : fff111- 로그 : 게임구매 확인버튼 클릭 시간 : 2020-07-15 18:09:41
회원번호 : 3209 아이디 : lodgood1- 로그 : 모바일 게임구매 버튼 클릭함 시간 : 2020-07-15 18:23:05
회원번호 : 3209 아이디 : lodgood1- 로그 : 게임구매 확인버튼 클릭 시간 : 2020-07-15 18:23:06
회원번호 : 3209 아이디 : lodgood1- 로그 : 모바일 게임구매 버튼 클릭함 시간 : 2020-07-15 18:23:44
회원번호 : 3209 아이디 : lodgood1- 로그 : 게임구매 확인버튼 클릭 시간 : 2020-07-15 18:23:45
회원번호 : 3439 아이디 : nightgun- 로그 : 모바일 게임구매 버튼 클릭함 시간 : 2020-07-15 18:25:04
회원번호 : 3439 아이디 : nightgun- 로그 : 게임구매 확인버튼 클릭 시간 : 2020-07-15 18:25:05
회원번호 : 3128 아이디 : y1234- 로그 : 모바일 게임구매 버튼 클릭함 시간 : 2020-07-15 18:25:21
회원번호 : 3128 아이디 : y1234- 로그 : 게임구매 확인버튼 클릭 시간 : 2020-07-15 18:25:22
회원번호 : 3105 아이디 : chy74- 로그 : 모바일 게임구매 버튼 클릭함 시간 : 2020-07-15 18:30:35
회원번호 : 3105 아이디 : chy74- 로그 : 게임구매 확인버튼 클릭 시간 : 2020-07-15 18:30:36
회원번호 : 3349 아이디 : awabi80- 로그 : 모바일 게임구매 버튼 클릭함 시간 : 2020-07-15 18:36:10
회원번호 : 3349 아이디 : awabi80- 로그 : 게임구매 확인버튼 클릭 시간 : 2020-07-15 18:36:11
회원번호 : 3128 아이디 : y1234- 로그 : 모바일 게임구매 버튼 클릭함 시간 : 2020-07-15 18:37:58
회원번호 : 3128 아이디 : y1234- 로그 : 게임구매 확인버튼 클릭 시간 : 2020-07-15 18:37:59
회원번호 : 2843 아이디 : Pjs7686- 로그 : 모바일 게임구매 버튼 클릭함 시간 : 2020-07-15 18:54:52
회원번호 : 2843 아이디 : Pjs7686- 로그 : 게임구매 확인버튼 클릭 시간 : 2020-07-15 18:54:53
회원번호 : 3439 아이디 : nightgun- 로그 : 모바일 게임구매 버튼 클릭함 시간 : 2020-07-15 19:03:08
회원번호 : 3439 아이디 : nightgun- 로그 : 게임구매 확인버튼 클릭 시간 : 2020-07-15 19:03:09
회원번호 : 2876 아이디 : seven2546- 로그 : 모바일 게임구매 버튼 클릭함 시간 : 2020-07-15 19:38:04
회원번호 : 2876 아이디 : seven2546- 로그 : 게임구매 확인버튼 클릭 시간 : 2020-07-15 19:38:05
회원번호 : 1115 아이디 : vsb6060- 로그 : 모바일 게임구매 버튼 클릭함 시간 : 2020-07-15 21:12:03
회원번호 : 1115 아이디 : vsb6060- 로그 : 게임구매 확인버튼 클릭 시간 : 2020-07-15 21:12:04
회원번호 : 3531 아이디 : Jiying1- 로그 : 모바일 게임구매 버튼 클릭함 시간 : 2020-07-15 21:13:13
회원번호 : 3531 아이디 : Jiying1- 로그 : 게임구매 확인버튼 클릭 시간 : 2020-07-15 21:13:15
회원번호 : 3548 아이디 : zabara7- 로그 : 모바일 게임구매 버튼 클릭함 시간 : 2020-07-15 21:51:58
회원번호 : 3548 아이디 : zabara7- 로그 : 게임구매 확인버튼 클릭 시간 : 2020-07-15 21:52:00
회원번호 : 3535 아이디 : zprzpr83- 로그 : 모바일 게임구매 버튼 클릭함 시간 : 2020-07-15 21:53:46
회원번호 : 3339 아이디 : kkll- 로그 : 모바일 게임구매 버튼 클릭함 시간 : 2020-07-15 22:44:50
회원번호 : 3339 아이디 : kkll- 로그 : 게임구매 확인버튼 클릭 시간 : 2020-07-15 22:44:52
회원번호 : 3339 아이디 : kkll- 로그 : 모바일 게임구매 버튼 클릭함 시간 : 2020-07-15 22:46:32
회원번호 : 3339 아이디 : kkll- 로그 : 게임구매 확인버튼 클릭 시간 : 2020-07-15 22:46:33
회원번호 : 3105 아이디 : chy74- 로그 : 모바일 게임구매 버튼 클릭함 시간 : 2020-07-15 22:57:33
회원번호 : 3105 아이디 : chy74- 로그 : 게임구매 확인버튼 클릭 시간 : 2020-07-15 22:57:34
